<?xml version="1.0" encoding="UTF-8"?>
<coverage generated="1633443519495" clover="3.2.0">
  <project timestamp="1633443519495" name="All files">
    <metrics statements="223" coveredstatements="223" conditionals="0" coveredconditionals="0" methods="4" coveredmethods="4" elements="227" coveredelements="227" complexity="0" loc="223" ncloc="223" packages="1" files="4" classes="4"/>
    <file name="aws-instance-scheduler-remote-stack.ts" path="/codebuild/output/src404492221/src/source/lib/aws-instance-scheduler-remote-stack.ts">
      <metrics statements="50" coveredstatements="50" conditionals="0" coveredconditionals="0" methods="1" coveredmethods="1"/>
      <line num="17" count="1" type="stmt"/>
      <line num="18" count="1" type="stmt"/>
      <line num="19" count="1" type="stmt"/>
      <line num="20" count="1" type="stmt"/>
      <line num="32" count="1" type="stmt"/>
      <line num="35" count="1" type="stmt"/>
      <line num="38" count="1" type="stmt"/>
      <line num="45" count="1" type="stmt"/>
      <line num="50" count="1" type="stmt"/>
      <line num="58" count="1" type="stmt"/>
      <line num="64" count="1" type="stmt"/>
      <line num="70" count="1" type="stmt"/>
      <line num="77" count="1" type="stmt"/>
      <line num="78" count="1" type="stmt"/>
      <line num="79" count="1" type="stmt"/>
      <line num="80" count="1" type="stmt"/>
      <line num="81" count="1" type="stmt"/>
      <line num="82" count="1" type="stmt"/>
      <line num="83" count="1" type="stmt"/>
      <line num="84" count="1" type="stmt"/>
      <line num="85" count="1" type="stmt"/>
      <line num="87" count="1" type="stmt"/>
      <line num="90" count="1" type="stmt"/>
      <line num="92" count="1" type="stmt"/>
      <line num="93" count="1" type="stmt"/>
      <line num="94" count="1" type="stmt"/>
      <line num="96" count="1" type="stmt"/>
      <line num="97" count="1" type="stmt"/>
      <line num="99" count="1" type="stmt"/>
      <line num="199" count="1" type="stmt"/>
      <line num="225" count="1" type="stmt"/>
      <line num="231" count="1" type="stmt"/>
      <line num="234" count="1" type="stmt"/>
      <line num="252" count="1" type="stmt"/>
      <line num="259" count="1" type="stmt"/>
      <line num="261" count="1" type="stmt"/>
      <line num="299" count="1" type="stmt"/>
      <line num="302" count="1" type="stmt"/>
      <line num="303" count="1" type="stmt"/>
      <line num="304" count="1" type="stmt"/>
      <line num="305" count="1" type="stmt"/>
      <line num="306" count="1" type="stmt"/>
      <line num="307" count="1" type="stmt"/>
      <line num="310" count="1" type="stmt"/>
      <line num="315" count="1" type="stmt"/>
      <line num="316" count="1" type="stmt"/>
      <line num="317" count="1" type="stmt"/>
      <line num="336" count="1" type="stmt"/>
      <line num="338" count="1" type="stmt"/>
      <line num="363" count="1" type="stmt"/>
    </file>
    <file name="aws-instance-scheduler-stack.ts" path="/codebuild/output/src404492221/src/source/lib/aws-instance-scheduler-stack.ts">
      <metrics statements="144" coveredstatements="144" conditionals="0" coveredconditionals="0" methods="1" coveredmethods="1"/>
      <line num="17" count="1" type="stmt"/>
      <line num="18" count="1" type="stmt"/>
      <line num="19" count="1" type="stmt"/>
      <line num="20" count="1" type="stmt"/>
      <line num="21" count="1" type="stmt"/>
      <line num="22" count="1" type="stmt"/>
      <line num="23" count="1" type="stmt"/>
      <line num="24" count="1" type="stmt"/>
      <line num="25" count="1" type="stmt"/>
      <line num="26" count="1" type="stmt"/>
      <line num="27" count="1" type="stmt"/>
      <line num="28" count="1" type="stmt"/>
      <line num="29" count="1" type="stmt"/>
      <line num="49" count="1" type="stmt"/>
      <line num="52" count="1" type="stmt"/>
      <line num="56" count="1" type="stmt"/>
      <line num="63" count="1" type="stmt"/>
      <line num="70" count="1" type="stmt"/>
      <line num="77" count="1" type="stmt"/>
      <line num="84" count="1" type="stmt"/>
      <line num="91" count="1" type="stmt"/>
      <line num="98" count="1" type="stmt"/>
      <line num="106" count="1" type="stmt"/>
      <line num="544" count="1" type="stmt"/>
      <line num="549" count="1" type="stmt"/>
      <line num="556" count="1" type="stmt"/>
      <line num="561" count="1" type="stmt"/>
      <line num="566" count="1" type="stmt"/>
      <line num="572" count="1" type="stmt"/>
      <line num="578" count="1" type="stmt"/>
      <line num="596" count="1" type="stmt"/>
      <line num="604" count="1" type="stmt"/>
      <line num="605" count="1" type="stmt"/>
      <line num="606" count="1" type="stmt"/>
      <line num="607" count="1" type="stmt"/>
      <line num="608" count="1" type="stmt"/>
      <line num="609" count="1" type="stmt"/>
      <line num="610" count="1" type="stmt"/>
      <line num="611" count="1" type="stmt"/>
      <line num="612" count="1" type="stmt"/>
      <line num="613" count="1" type="stmt"/>
      <line num="614" count="1" type="stmt"/>
      <line num="615" count="1" type="stmt"/>
      <line num="616" count="1" type="stmt"/>
      <line num="617" count="1" type="stmt"/>
      <line num="618" count="1" type="stmt"/>
      <line num="619" count="1" type="stmt"/>
      <line num="620" count="1" type="stmt"/>
      <line num="621" count="1" type="stmt"/>
      <line num="622" count="1" type="stmt"/>
      <line num="623" count="1" type="stmt"/>
      <line num="624" count="1" type="stmt"/>
      <line num="625" count="1" type="stmt"/>
      <line num="626" count="1" type="stmt"/>
      <line num="627" count="1" type="stmt"/>
      <line num="628" count="1" type="stmt"/>
      <line num="630" count="1" type="stmt"/>
      <line num="631" count="1" type="stmt"/>
      <line num="632" count="1" type="stmt"/>
      <line num="639" count="1" type="stmt"/>
      <line num="646" count="1" type="stmt"/>
      <line num="651" count="1" type="stmt"/>
      <line num="652" count="1" type="stmt"/>
      <line num="653" count="1" type="stmt"/>
      <line num="665" count="1" type="stmt"/>
      <line num="671" count="1" type="stmt"/>
      <line num="679" count="1" type="stmt"/>
      <line num="707" count="1" type="stmt"/>
      <line num="716" count="1" type="stmt"/>
      <line num="720" count="1" type="stmt"/>
      <line num="730" count="1" type="stmt"/>
      <line num="733" count="1" type="stmt"/>
      <line num="787" count="1" type="stmt"/>
      <line num="789" count="1" type="stmt"/>
      <line num="790" count="1" type="stmt"/>
      <line num="791" count="1" type="stmt"/>
      <line num="802" count="1" type="stmt"/>
      <line num="811" count="1" type="stmt"/>
      <line num="813" count="1" type="stmt"/>
      <line num="820" count="1" type="stmt"/>
      <line num="822" count="1" type="stmt"/>
      <line num="836" count="1" type="stmt"/>
      <line num="837" count="1" type="stmt"/>
      <line num="838" count="1" type="stmt"/>
      <line num="846" count="1" type="stmt"/>
      <line num="847" count="1" type="stmt"/>
      <line num="851" count="1" type="stmt"/>
      <line num="868" count="1" type="stmt"/>
      <line num="870" count="1" type="stmt"/>
      <line num="880" count="1" type="stmt"/>
      <line num="885" count="1" type="stmt"/>
      <line num="893" count="1" type="stmt"/>
      <line num="894" count="1" type="stmt"/>
      <line num="903" count="1" type="stmt"/>
      <line num="928" count="1" type="stmt"/>
      <line num="929" count="1" type="stmt"/>
      <line num="932" count="1" type="stmt"/>
      <line num="937" count="1" type="stmt"/>
      <line num="942" count="1" type="stmt"/>
      <line num="947" count="1" type="stmt"/>
      <line num="952" count="1" type="stmt"/>
      <line num="958" count="1" type="stmt"/>
      <line num="971" count="1" type="stmt"/>
      <line num="985" count="1" type="stmt"/>
      <line num="995" count="1" type="stmt"/>
      <line num="1004" count="1" type="stmt"/>
      <line num="1020" count="1" type="stmt"/>
      <line num="1040" count="1" type="stmt"/>
      <line num="1049" count="1" type="stmt"/>
      <line num="1060" count="1" type="stmt"/>
      <line num="1070" count="1" type="stmt"/>
      <line num="1076" count="1" type="stmt"/>
      <line num="1082" count="1" type="stmt"/>
      <line num="1091" count="1" type="stmt"/>
      <line num="1102" count="1" type="stmt"/>
      <line num="1119" count="1" type="stmt"/>
      <line num="1125" count="1" type="stmt"/>
      <line num="1134" count="1" type="stmt"/>
      <line num="1135" count="1" type="stmt"/>
      <line num="1136" count="1" type="stmt"/>
      <line num="1137" count="1" type="stmt"/>
      <line num="1138" count="1" type="stmt"/>
      <line num="1139" count="1" type="stmt"/>
      <line num="1161" count="1" type="stmt"/>
      <line num="1162" count="1" type="stmt"/>
      <line num="1164" count="1" type="stmt"/>
      <line num="1165" count="1" type="stmt"/>
      <line num="1167" count="1" type="stmt"/>
      <line num="1168" count="1" type="stmt"/>
      <line num="1170" count="1" type="stmt"/>
      <line num="1185" count="1" type="stmt"/>
      <line num="1186" count="1" type="stmt"/>
      <line num="1188" count="1" type="stmt"/>
      <line num="1189" count="1" type="stmt"/>
      <line num="1191" count="1" type="stmt"/>
      <line num="1193" count="1" type="stmt"/>
      <line num="1194" count="1" type="stmt"/>
      <line num="1196" count="1" type="stmt"/>
      <line num="1198" count="1" type="stmt"/>
      <line num="1199" count="1" type="stmt"/>
      <line num="1201" count="1" type="stmt"/>
      <line num="1203" count="1" type="stmt"/>
      <line num="1205" count="1" type="stmt"/>
      <line num="1311" count="1" type="stmt"/>
    </file>
    <file name="event-bus-stack.ts" path="/codebuild/output/src404492221/src/source/lib/event-bus-stack.ts">
      <metrics statements="10" coveredstatements="10" conditionals="0" coveredconditionals="0" methods="1" coveredmethods="1"/>
      <line num="17" count="1" type="stmt"/>
      <line num="18" count="1" type="stmt"/>
      <line num="28" count="1" type="stmt"/>
      <line num="31" count="1" type="stmt"/>
      <line num="33" count="1" type="stmt"/>
      <line num="37" count="1" type="stmt"/>
      <line num="49" count="1" type="stmt"/>
      <line num="79" count="1" type="stmt"/>
      <line num="80" count="1" type="stmt"/>
      <line num="81" count="1" type="stmt"/>
    </file>
    <file name="ssm-documents-stack.ts" path="/codebuild/output/src404492221/src/source/lib/ssm-documents-stack.ts">
      <metrics statements="19" coveredstatements="19" conditionals="0" coveredconditionals="0" methods="1" coveredmethods="1"/>
      <line num="1" count="1" type="stmt"/>
      <line num="2" count="1" type="stmt"/>
      <line num="3" count="1" type="stmt"/>
      <line num="4" count="1" type="stmt"/>
      <line num="5" count="1" type="stmt"/>
      <line num="15" count="1" type="stmt"/>
      <line num="18" count="1" type="stmt"/>
      <line num="20" count="1" type="stmt"/>
      <line num="21" count="1" type="stmt"/>
      <line num="22" count="1" type="stmt"/>
      <line num="23" count="1" type="stmt"/>
      <line num="24" count="1" type="stmt"/>
      <line num="25" count="1" type="stmt"/>
      <line num="27" count="1" type="stmt"/>
      <line num="33" count="1" type="stmt"/>
      <line num="39" count="1" type="stmt"/>
      <line num="45" count="1" type="stmt"/>
      <line num="51" count="1" type="stmt"/>
      <line num="57" count="1" type="stmt"/>
    </file>
  </project>
</coverage>
