{"/codebuild/output/src404492221/src/source/lib/aws-instance-scheduler-remote-stack.ts": {"path":"/codebuild/output/src404492221/src/source/lib/aws-instance-scheduler-remote-stack.ts","statementMap":{"0":{"start":{"line":17,"column":0},"end":{"line":17,"column":37}},"1":{"start":{"line":18,"column":0},"end":{"line":18,"column":40}},"2":{"start":{"line":19,"column":0},"end":{"line":19,"column":40}},"3":{"start":{"line":20,"column":0},"end":{"line":20,"column":46}},"4":{"start":{"line":35,"column":8},"end":{"line":35,"column":32}},"5":{"start":{"line":38,"column":41},"end":{"line":43,"column":10}},"6":{"start":{"line":45,"column":26},"end":{"line":48,"column":10}},"7":{"start":{"line":50,"column":38},"end":{"line":55,"column":10}},"8":{"start":{"line":58,"column":39},"end":{"line":62,"column":12}},"9":{"start":{"line":64,"column":48},"end":{"line":68,"column":12}},"10":{"start":{"line":70,"column":52},"end":{"line":74,"column":12}},"11":{"start":{"line":77,"column":25},"end":{"line":77,"column":61}},"12":{"start":{"line":78,"column":8},"end":{"line":78,"column":null}},"13":{"start":{"line":79,"column":8},"end":{"line":79,"column":null}},"14":{"start":{"line":80,"column":8},"end":{"line":80,"column":null}},"15":{"start":{"line":81,"column":8},"end":{"line":81,"column":null}},"16":{"start":{"line":82,"column":8},"end":{"line":82,"column":null}},"17":{"start":{"line":83,"column":8},"end":{"line":83,"column":null}},"18":{"start":{"line":84,"column":8},"end":{"line":84,"column":null}},"19":{"start":{"line":85,"column":8},"end":{"line":85,"column":null}},"20":{"start":{"line":87,"column":31},"end":{"line":89,"column":11}},"21":{"start":{"line":90,"column":31},"end":{"line":90,"column":79}},"22":{"start":{"line":92,"column":39},"end":{"line":92,"column":64}},"23":{"start":{"line":93,"column":8},"end":{"line":93,"column":62}},"24":{"start":{"line":94,"column":8},"end":{"line":94,"column":59}},"25":{"start":{"line":96,"column":25},"end":{"line":96,"column":134}},"26":{"start":{"line":97,"column":8},"end":{"line":97,"column":57}},"27":{"start":{"line":99,"column":45},"end":{"line":197,"column":10}},"28":{"start":{"line":199,"column":8},"end":{"line":221,"column":null}},"29":{"start":{"line":225,"column":38},"end":{"line":229,"column":10}},"30":{"start":{"line":231,"column":42},"end":{"line":231,"column":101}},"31":{"start":{"line":234,"column":45},"end":{"line":250,"column":10}},"32":{"start":{"line":252,"column":43},"end":{"line":257,"column":10}},"33":{"start":{"line":259,"column":8},"end":{"line":259,"column":null}},"34":{"start":{"line":261,"column":40},"end":{"line":296,"column":10}},"35":{"start":{"line":299,"column":8},"end":{"line":299,"column":null}},"36":{"start":{"line":302,"column":47},"end":{"line":302,"column":115}},"37":{"start":{"line":303,"column":49},"end":{"line":303,"column":121}},"38":{"start":{"line":304,"column":8},"end":{"line":304,"column":null}},"39":{"start":{"line":305,"column":8},"end":{"line":305,"column":null}},"40":{"start":{"line":306,"column":8},"end":{"line":306,"column":null}},"41":{"start":{"line":307,"column":8},"end":{"line":307,"column":null}},"42":{"start":{"line":310,"column":8},"end":{"line":313,"column":null}},"43":{"start":{"line":315,"column":53},"end":{"line":315,"column":114}},"44":{"start":{"line":316,"column":8},"end":{"line":316,"column":null}},"45":{"start":{"line":317,"column":8},"end":{"line":334,"column":null}},"46":{"start":{"line":336,"column":22},"end":{"line":336,"column":40}},"47":{"start":{"line":338,"column":8},"end":{"line":362,"column":null}},"48":{"start":{"line":363,"column":8},"end":{"line":363,"column":null}},"49":{"start":{"line":32,"column":0},"end":{"line":32,"column":13}}},"fnMap":{"0":{"name":"(anonymous_0)","decl":{"start":{"line":34,"column":4},"end":{"line":34,"column":16}},"loc":{"start":{"line":34,"column":93},"end":{"line":364,"column":5}}}},"branchMap":{},"s":{"0":1,"1":1,"2":1,"3":1,"4":1,"5":1,"6":1,"7":1,"8":1,"9":1,"10":1,"11":1,"12":1,"13":1,"14":1,"15":1,"16":1,"17":1,"18":1,"19":1,"20":1,"21":1,"22":1,"23":1,"24":1,"25":1,"26":1,"27":1,"28":1,"29":1,"30":1,"31":1,"32":1,"33":1,"34":1,"35":1,"36":1,"37":1,"38":1,"39":1,"40":1,"41":1,"42":1,"43":1,"44":1,"45":1,"46":1,"47":1,"48":1,"49":1},"f":{"0":1},"b":{}}
,"/codebuild/output/src404492221/src/source/lib/aws-instance-scheduler-stack.ts": {"path":"/codebuild/output/src404492221/src/source/lib/aws-instance-scheduler-stack.ts","statementMap":{"0":{"start":{"line":17,"column":0},"end":{"line":17,"column":37}},"1":{"start":{"line":18,"column":0},"end":{"line":18,"column":40}},"2":{"start":{"line":19,"column":0},"end":{"line":19,"column":40}},"3":{"start":{"line":20,"column":0},"end":{"line":20,"column":42}},"4":{"start":{"line":21,"column":0},"end":{"line":21,"column":46}},"5":{"start":{"line":22,"column":0},"end":{"line":22,"column":38}},"6":{"start":{"line":23,"column":0},"end":{"line":23,"column":40}},"7":{"start":{"line":24,"column":0},"end":{"line":24,"column":46}},"8":{"start":{"line":25,"column":0},"end":{"line":25,"column":104}},"9":{"start":{"line":26,"column":0},"end":{"line":26,"column":89}},"10":{"start":{"line":27,"column":0},"end":{"line":27,"column":50}},"11":{"start":{"line":28,"column":0},"end":{"line":28,"column":100}},"12":{"start":{"line":29,"column":0},"end":{"line":29,"column":85}},"13":{"start":{"line":52,"column":4},"end":{"line":52,"column":28}},"14":{"start":{"line":56,"column":29},"end":{"line":61,"column":6}},"15":{"start":{"line":63,"column":30},"end":{"line":68,"column":6}},"16":{"start":{"line":70,"column":32},"end":{"line":75,"column":6}},"17":{"start":{"line":77,"column":30},"end":{"line":82,"column":6}},"18":{"start":{"line":84,"column":25},"end":{"line":89,"column":6}},"19":{"start":{"line":91,"column":18},"end":{"line":96,"column":6}},"20":{"start":{"line":98,"column":20},"end":{"line":104,"column":6}},"21":{"start":{"line":106,"column":28},"end":{"line":542,"column":6}},"22":{"start":{"line":544,"column":20},"end":{"line":547,"column":6}},"23":{"start":{"line":549,"column":34},"end":{"line":554,"column":6}},"24":{"start":{"line":556,"column":23},"end":{"line":559,"column":6}},"25":{"start":{"line":561,"column":22},"end":{"line":564,"column":6}},"26":{"start":{"line":566,"column":24},"end":{"line":570,"column":6}},"27":{"start":{"line":572,"column":24},"end":{"line":576,"column":6}},"28":{"start":{"line":578,"column":31},"end":{"line":591,"column":6}},"29":{"start":{"line":596,"column":35},"end":{"line":600,"column":8}},"30":{"start":{"line":604,"column":21},"end":{"line":604,"column":57}},"31":{"start":{"line":605,"column":4},"end":{"line":605,"column":null}},"32":{"start":{"line":606,"column":4},"end":{"line":606,"column":null}},"33":{"start":{"line":607,"column":4},"end":{"line":607,"column":null}},"34":{"start":{"line":608,"column":4},"end":{"line":608,"column":null}},"35":{"start":{"line":609,"column":4},"end":{"line":609,"column":null}},"36":{"start":{"line":610,"column":4},"end":{"line":610,"column":null}},"37":{"start":{"line":611,"column":4},"end":{"line":611,"column":null}},"38":{"start":{"line":612,"column":4},"end":{"line":612,"column":null}},"39":{"start":{"line":613,"column":4},"end":{"line":613,"column":null}},"40":{"start":{"line":614,"column":4},"end":{"line":614,"column":null}},"41":{"start":{"line":615,"column":4},"end":{"line":615,"column":null}},"42":{"start":{"line":616,"column":4},"end":{"line":616,"column":null}},"43":{"start":{"line":617,"column":4},"end":{"line":617,"column":null}},"44":{"start":{"line":618,"column":4},"end":{"line":618,"column":null}},"45":{"start":{"line":619,"column":4},"end":{"line":619,"column":null}},"46":{"start":{"line":620,"column":4},"end":{"line":620,"column":null}},"47":{"start":{"line":621,"column":4},"end":{"line":621,"column":null}},"48":{"start":{"line":622,"column":4},"end":{"line":622,"column":null}},"49":{"start":{"line":623,"column":4},"end":{"line":623,"column":null}},"50":{"start":{"line":624,"column":4},"end":{"line":624,"column":null}},"51":{"start":{"line":625,"column":4},"end":{"line":625,"column":null}},"52":{"start":{"line":626,"column":4},"end":{"line":626,"column":null}},"53":{"start":{"line":627,"column":4},"end":{"line":627,"column":null}},"54":{"start":{"line":628,"column":4},"end":{"line":628,"column":null}},"55":{"start":{"line":630,"column":17},"end":{"line":630,"column":49}},"56":{"start":{"line":631,"column":4},"end":{"line":631,"column":null}},"57":{"start":{"line":632,"column":4},"end":{"line":632,"column":null}},"58":{"start":{"line":639,"column":28},"end":{"line":641,"column":6}},"59":{"start":{"line":646,"column":30},"end":{"line":649,"column":6}},"60":{"start":{"line":651,"column":34},"end":{"line":651,"column":89}},"61":{"start":{"line":652,"column":4},"end":{"line":652,"column":null}},"62":{"start":{"line":653,"column":4},"end":{"line":662,"column":null}},"63":{"start":{"line":665,"column":31},"end":{"line":668,"column":null}},"64":{"start":{"line":671,"column":26},"end":{"line":674,"column":6}},"65":{"start":{"line":679,"column":43},"end":{"line":705,"column":6}},"66":{"start":{"line":707,"column":21},"end":{"line":710,"column":6}},"67":{"start":{"line":716,"column":21},"end":{"line":718,"column":6}},"68":{"start":{"line":720,"column":55},"end":{"line":727,"column":null}},"69":{"start":{"line":730,"column":4},"end":{"line":730,"column":null}},"70":{"start":{"line":733,"column":57},"end":{"line":785,"column":6}},"71":{"start":{"line":787,"column":29},"end":{"line":787,"column":107}},"72":{"start":{"line":789,"column":27},"end":{"line":789,"column":94}},"73":{"start":{"line":790,"column":4},"end":{"line":790,"column":null}},"74":{"start":{"line":791,"column":4},"end":{"line":795,"column":null}},"75":{"start":{"line":802,"column":50},"end":{"line":808,"column":null}},"76":{"start":{"line":811,"column":29},"end":{"line":811,"column":110}},"77":{"start":{"line":813,"column":41},"end":{"line":818,"column":6}},"78":{"start":{"line":820,"column":4},"end":{"line":820,"column":null}},"79":{"start":{"line":822,"column":32},"end":{"line":834,"column":6}},"80":{"start":{"line":836,"column":35},"end":{"line":836,"column":93}},"81":{"start":{"line":837,"column":4},"end":{"line":837,"column":null}},"82":{"start":{"line":838,"column":4},"end":{"line":842,"column":null}},"83":{"start":{"line":846,"column":4},"end":{"line":846,"column":null}},"84":{"start":{"line":847,"column":4},"end":{"line":847,"column":null}},"85":{"start":{"line":851,"column":27},"end":{"line":866,"column":6}},"86":{"start":{"line":868,"column":4},"end":{"line":868,"column":null}},"87":{"start":{"line":870,"column":40},"end":{"line":879,"column":6}},"88":{"start":{"line":880,"column":4},"end":{"line":880,"column":null}},"89":{"start":{"line":885,"column":31},"end":{"line":891,"column":6}},"90":{"start":{"line":893,"column":30},"end":{"line":893,"column":97}},"91":{"start":{"line":894,"column":4},"end":{"line":894,"column":122}},"92":{"start":{"line":903,"column":24},"end":{"line":926,"column":6}},"93":{"start":{"line":928,"column":29},"end":{"line":928,"column":85}},"94":{"start":{"line":929,"column":4},"end":{"line":929,"column":null}},"95":{"start":{"line":932,"column":4},"end":{"line":935,"column":null}},"96":{"start":{"line":937,"column":4},"end":{"line":940,"column":null}},"97":{"start":{"line":942,"column":4},"end":{"line":945,"column":null}},"98":{"start":{"line":947,"column":4},"end":{"line":950,"column":null}},"99":{"start":{"line":952,"column":4},"end":{"line":955,"column":null}},"100":{"start":{"line":958,"column":38},"end":{"line":969,"column":6}},"101":{"start":{"line":971,"column":38},"end":{"line":983,"column":6}},"102":{"start":{"line":985,"column":41},"end":{"line":993,"column":6}},"103":{"start":{"line":995,"column":34},"end":{"line":1002,"column":6}},"104":{"start":{"line":1004,"column":27},"end":{"line":1018,"column":6}},"105":{"start":{"line":1020,"column":30},"end":{"line":1037,"column":6}},"106":{"start":{"line":1040,"column":38},"end":{"line":1047,"column":6}},"107":{"start":{"line":1049,"column":38},"end":{"line":1058,"column":6}},"108":{"start":{"line":1060,"column":38},"end":{"line":1068,"column":6}},"109":{"start":{"line":1070,"column":38},"end":{"line":1074,"column":6}},"110":{"start":{"line":1076,"column":38},"end":{"line":1080,"column":6}},"111":{"start":{"line":1082,"column":38},"end":{"line":1089,"column":6}},"112":{"start":{"line":1091,"column":38},"end":{"line":1100,"column":6}},"113":{"start":{"line":1102,"column":34},"end":{"line":1115,"column":6}},"114":{"start":{"line":1119,"column":28},"end":{"line":1123,"column":6}},"115":{"start":{"line":1125,"column":32},"end":{"line":1131,"column":6}},"116":{"start":{"line":1134,"column":27},"end":{"line":1134,"column":98}},"117":{"start":{"line":1135,"column":4},"end":{"line":1135,"column":null}},"118":{"start":{"line":1136,"column":4},"end":{"line":1136,"column":null}},"119":{"start":{"line":1137,"column":4},"end":{"line":1137,"column":null}},"120":{"start":{"line":1138,"column":4},"end":{"line":1138,"column":null}},"121":{"start":{"line":1139,"column":4},"end":{"line":1156,"column":null}},"122":{"start":{"line":1161,"column":51},"end":{"line":1161,"column":113}},"123":{"start":{"line":1162,"column":4},"end":{"line":1162,"column":null}},"124":{"start":{"line":1164,"column":29},"end":{"line":1164,"column":71}},"125":{"start":{"line":1165,"column":4},"end":{"line":1165,"column":null}},"126":{"start":{"line":1167,"column":38},"end":{"line":1167,"column":90}},"127":{"start":{"line":1168,"column":4},"end":{"line":1168,"column":null}},"128":{"start":{"line":1170,"column":4},"end":{"line":1183,"column":null}},"129":{"start":{"line":1185,"column":36},"end":{"line":1185,"column":86}},"130":{"start":{"line":1186,"column":4},"end":{"line":1186,"column":null}},"131":{"start":{"line":1188,"column":34},"end":{"line":1188,"column":80}},"132":{"start":{"line":1189,"column":4},"end":{"line":1189,"column":null}},"133":{"start":{"line":1191,"column":4},"end":{"line":1191,"column":null}},"134":{"start":{"line":1193,"column":29},"end":{"line":1193,"column":71}},"135":{"start":{"line":1194,"column":4},"end":{"line":1194,"column":null}},"136":{"start":{"line":1196,"column":4},"end":{"line":1196,"column":null}},"137":{"start":{"line":1198,"column":25},"end":{"line":1198,"column":92}},"138":{"start":{"line":1199,"column":4},"end":{"line":1199,"column":null}},"139":{"start":{"line":1201,"column":4},"end":{"line":1201,"column":null}},"140":{"start":{"line":1203,"column":18},"end":{"line":1203,"column":36}},"141":{"start":{"line":1205,"column":4},"end":{"line":1310,"column":null}},"142":{"start":{"line":1311,"column":4},"end":{"line":1311,"column":null}},"143":{"start":{"line":49,"column":0},"end":{"line":49,"column":13}}},"fnMap":{"0":{"name":"(anonymous_0)","decl":{"start":{"line":51,"column":2},"end":{"line":51,"column":14}},"loc":{"start":{"line":51,"column":85},"end":{"line":1313,"column":3}}}},"branchMap":{},"s":{"0":1,"1":1,"2":1,"3":1,"4":1,"5":1,"6":1,"7":1,"8":1,"9":1,"10":1,"11":1,"12":1,"13":1,"14":1,"15":1,"16":1,"17":1,"18":1,"19":1,"20":1,"21":1,"22":1,"23":1,"24":1,"25":1,"26":1,"27":1,"28":1,"29":1,"30":1,"31":1,"32":1,"33":1,"34":1,"35":1,"36":1,"37":1,"38":1,"39":1,"40":1,"41":1,"42":1,"43":1,"44":1,"45":1,"46":1,"47":1,"48":1,"49":1,"50":1,"51":1,"52":1,"53":1,"54":1,"55":1,"56":1,"57":1,"58":1,"59":1,"60":1,"61":1,"62":1,"63":1,"64":1,"65":1,"66":1,"67":1,"68":1,"69":1,"70":1,"71":1,"72":1,"73":1,"74":1,"75":1,"76":1,"77":1,"78":1,"79":1,"80":1,"81":1,"82":1,"83":1,"84":1,"85":1,"86":1,"87":1,"88":1,"89":1,"90":1,"91":1,"92":1,"93":1,"94":1,"95":1,"96":1,"97":1,"98":1,"99":1,"100":1,"101":1,"102":1,"103":1,"104":1,"105":1,"106":1,"107":1,"108":1,"109":1,"110":1,"111":1,"112":1,"113":1,"114":1,"115":1,"116":1,"117":1,"118":1,"119":1,"120":1,"121":1,"122":1,"123":1,"124":1,"125":1,"126":1,"127":1,"128":1,"129":1,"130":1,"131":1,"132":1,"133":1,"134":1,"135":1,"136":1,"137":1,"138":1,"139":1,"140":1,"141":1,"142":1,"143":1},"f":{"0":1},"b":{}}
,"/codebuild/output/src404492221/src/source/lib/event-bus-stack.ts": {"path":"/codebuild/output/src404492221/src/source/lib/event-bus-stack.ts","statementMap":{"0":{"start":{"line":17,"column":0},"end":{"line":17,"column":45}},"1":{"start":{"line":18,"column":0},"end":{"line":18,"column":37}},"2":{"start":{"line":31,"column":8},"end":{"line":31,"column":25}},"3":{"start":{"line":33,"column":34},"end":{"line":35,"column":10}},"4":{"start":{"line":37,"column":31},"end":{"line":47,"column":10}},"5":{"start":{"line":49,"column":9},"end":{"line":77,"column":null}},"6":{"start":{"line":79,"column":8},"end":{"line":79,"column":null}},"7":{"start":{"line":80,"column":8},"end":{"line":80,"column":null}},"8":{"start":{"line":81,"column":8},"end":{"line":81,"column":null}},"9":{"start":{"line":28,"column":0},"end":{"line":28,"column":13}}},"fnMap":{"0":{"name":"(anonymous_0)","decl":{"start":{"line":30,"column":8},"end":{"line":30,"column":20}},"loc":{"start":{"line":30,"column":79},"end":{"line":82,"column":1}}}},"branchMap":{},"s":{"0":1,"1":1,"2":1,"3":1,"4":1,"5":1,"6":1,"7":1,"8":1,"9":1},"f":{"0":1},"b":{}}
,"/codebuild/output/src404492221/src/source/lib/ssm-documents-stack.ts": {"path":"/codebuild/output/src404492221/src/source/lib/ssm-documents-stack.ts","statementMap":{"0":{"start":{"line":1,"column":0},"end":{"line":1,"column":37}},"1":{"start":{"line":2,"column":0},"end":{"line":2,"column":39}},"2":{"start":{"line":3,"column":0},"end":{"line":3,"column":28}},"3":{"start":{"line":4,"column":0},"end":{"line":4,"column":30}},"4":{"start":{"line":5,"column":0},"end":{"line":5,"column":24}},"5":{"start":{"line":18,"column":4},"end":{"line":18,"column":21}},"6":{"start":{"line":20,"column":36},"end":{"line":20,"column":110}},"7":{"start":{"line":21,"column":35},"end":{"line":21,"column":108}},"8":{"start":{"line":22,"column":51},"end":{"line":22,"column":125}},"9":{"start":{"line":23,"column":50},"end":{"line":23,"column":123}},"10":{"start":{"line":24,"column":50},"end":{"line":24,"column":123}},"11":{"start":{"line":25,"column":49},"end":{"line":25,"column":121}},"12":{"start":{"line":27,"column":4},"end":{"line":31,"column":null}},"13":{"start":{"line":33,"column":4},"end":{"line":37,"column":null}},"14":{"start":{"line":39,"column":4},"end":{"line":43,"column":null}},"15":{"start":{"line":45,"column":4},"end":{"line":49,"column":null}},"16":{"start":{"line":51,"column":4},"end":{"line":55,"column":null}},"17":{"start":{"line":57,"column":4},"end":{"line":61,"column":null}},"18":{"start":{"line":15,"column":0},"end":{"line":15,"column":13}}},"fnMap":{"0":{"name":"(anonymous_0)","decl":{"start":{"line":17,"column":2},"end":{"line":17,"column":14}},"loc":{"start":{"line":17,"column":79},"end":{"line":62,"column":3}}}},"branchMap":{},"s":{"0":1,"1":1,"2":1,"3":1,"4":1,"5":1,"6":1,"7":1,"8":1,"9":1,"10":1,"11":1,"12":1,"13":1,"14":1,"15":1,"16":1,"17":1,"18":1},"f":{"0":1},"b":{}}
}
