TN:
SF:lib/aws-instance-scheduler-remote-stack.ts
FN:34,(anonymous_0)
FNF:1
FNH:1
FNDA:1,(anonymous_0)
DA:17,1
DA:18,1
DA:19,1
DA:20,1
DA:32,1
DA:35,1
DA:38,1
DA:45,1
DA:50,1
DA:58,1
DA:64,1
DA:70,1
DA:77,1
DA:78,1
DA:79,1
DA:80,1
DA:81,1
DA:82,1
DA:83,1
DA:84,1
DA:85,1
DA:87,1
DA:90,1
DA:92,1
DA:93,1
DA:94,1
DA:96,1
DA:97,1
DA:99,1
DA:199,1
DA:225,1
DA:231,1
DA:234,1
DA:252,1
DA:259,1
DA:261,1
DA:299,1
DA:302,1
DA:303,1
DA:304,1
DA:305,1
DA:306,1
DA:307,1
DA:310,1
DA:315,1
DA:316,1
DA:317,1
DA:336,1
DA:338,1
DA:363,1
LF:50
LH:50
BRF:0
BRH:0
end_of_record
TN:
SF:lib/aws-instance-scheduler-stack.ts
FN:51,(anonymous_0)
FNF:1
FNH:1
FNDA:1,(anonymous_0)
DA:17,1
DA:18,1
DA:19,1
DA:20,1
DA:21,1
DA:22,1
DA:23,1
DA:24,1
DA:25,1
DA:26,1
DA:27,1
DA:28,1
DA:29,1
DA:49,1
DA:52,1
DA:56,1
DA:63,1
DA:70,1
DA:77,1
DA:84,1
DA:91,1
DA:98,1
DA:106,1
DA:544,1
DA:549,1
DA:556,1
DA:561,1
DA:566,1
DA:572,1
DA:578,1
DA:596,1
DA:604,1
DA:605,1
DA:606,1
DA:607,1
DA:608,1
DA:609,1
DA:610,1
DA:611,1
DA:612,1
DA:613,1
DA:614,1
DA:615,1
DA:616,1
DA:617,1
DA:618,1
DA:619,1
DA:620,1
DA:621,1
DA:622,1
DA:623,1
DA:624,1
DA:625,1
DA:626,1
DA:627,1
DA:628,1
DA:630,1
DA:631,1
DA:632,1
DA:639,1
DA:646,1
DA:651,1
DA:652,1
DA:653,1
DA:665,1
DA:671,1
DA:679,1
DA:707,1
DA:716,1
DA:720,1
DA:730,1
DA:733,1
DA:787,1
DA:789,1
DA:790,1
DA:791,1
DA:802,1
DA:811,1
DA:813,1
DA:820,1
DA:822,1
DA:836,1
DA:837,1
DA:838,1
DA:846,1
DA:847,1
DA:851,1
DA:868,1
DA:870,1
DA:880,1
DA:885,1
DA:893,1
DA:894,1
DA:903,1
DA:928,1
DA:929,1
DA:932,1
DA:937,1
DA:942,1
DA:947,1
DA:952,1
DA:958,1
DA:971,1
DA:985,1
DA:995,1
DA:1004,1
DA:1020,1
DA:1040,1
DA:1049,1
DA:1060,1
DA:1070,1
DA:1076,1
DA:1082,1
DA:1091,1
DA:1102,1
DA:1119,1
DA:1125,1
DA:1134,1
DA:1135,1
DA:1136,1
DA:1137,1
DA:1138,1
DA:1139,1
DA:1161,1
DA:1162,1
DA:1164,1
DA:1165,1
DA:1167,1
DA:1168,1
DA:1170,1
DA:1185,1
DA:1186,1
DA:1188,1
DA:1189,1
DA:1191,1
DA:1193,1
DA:1194,1
DA:1196,1
DA:1198,1
DA:1199,1
DA:1201,1
DA:1203,1
DA:1205,1
DA:1311,1
LF:144
LH:144
BRF:0
BRH:0
end_of_record
TN:
SF:lib/event-bus-stack.ts
FN:30,(anonymous_0)
FNF:1
FNH:1
FNDA:1,(anonymous_0)
DA:17,1
DA:18,1
DA:28,1
DA:31,1
DA:33,1
DA:37,1
DA:49,1
DA:79,1
DA:80,1
DA:81,1
LF:10
LH:10
BRF:0
BRH:0
end_of_record
TN:
SF:lib/ssm-documents-stack.ts
FN:17,(anonymous_0)
FNF:1
FNH:1
FNDA:1,(anonymous_0)
DA:1,1
DA:2,1
DA:3,1
DA:4,1
DA:5,1
DA:15,1
DA:18,1
DA:20,1
DA:21,1
DA:22,1
DA:23,1
DA:24,1
DA:25,1
DA:27,1
DA:33,1
DA:39,1
DA:45,1
DA:51,1
DA:57,1
LF:19
LH:19
BRF:0
BRH:0
end_of_record
